2023-04-03 00:18:36.939990 - Initialized conversion of CBT442
2023-04-03 00:18:37.292146 - Received CBT.V504.FILE442.PDS from FILE442.XMI 
2023-04-03 00:18:37.295020 - Found $$$#DATE.txt (text/plain) in CBT.V504.FILE442.PDS, moved to PDS/$$$#DATE
2023-04-03 00:18:37.296092 - Found $$NOTE.txt (text/plain) in CBT.V504.FILE442.PDS, moved to PDS/$$NOTE
2023-04-03 00:18:37.297288 - Found #COMPILE.jcl (text/plain) in CBT.V504.FILE442.PDS, moved to PDS/#COMPILE
2023-04-03 00:18:37.298637 - Found #COPY.jcl (text/plain) in CBT.V504.FILE442.PDS, moved to PDS/#COPY
2023-04-03 00:18:37.299775 - Found #MAKETST.rexx (text/plain) in CBT.V504.FILE442.PDS, moved to PDS/#MAKETST
2023-04-03 00:18:37.300861 - Found #MEMBERS.txt (text/plain) in CBT.V504.FILE442.PDS, moved to PDS/#MEMBERS
2023-04-03 00:18:37.301872 - Found #README.txt (text/plain) in CBT.V504.FILE442.PDS, moved to PDS/#README
2023-04-03 00:18:37.302897 - Found #XMIT.jcl (text/plain) in CBT.V504.FILE442.PDS, moved to PDS/#XMIT
2023-04-03 00:18:37.304026 - Found @FILE442.txt (text/plain) in CBT.V504.FILE442.PDS, moved to PDS/@FILE442
2023-04-03 00:18:37.305100 - Found @REV.rexx (text/plain) in CBT.V504.FILE442.PDS, moved to PDS/@REV
2023-04-03 00:18:37.306085 - Found REV@ABO.txt (text/plain) in CBT.V504.FILE442.PDS, moved to PDS/REV@ABO
2023-04-03 00:18:37.307078 - Found REV@ENTY.txt (text/plain) in CBT.V504.FILE442.PDS, moved to PDS/REV@ENTY
2023-04-03 00:18:37.308068 - Found REV@ENT2.txt (text/plain) in CBT.V504.FILE442.PDS, moved to PDS/REV@ENT2
2023-04-03 00:18:37.309194 - Found REV@EXTQ.txt (text/plain) in CBT.V504.FILE442.PDS, moved to PDS/REV@EXTQ
2023-04-03 00:18:37.310183 - Found REV@EXTR.txt (text/plain) in CBT.V504.FILE442.PDS, moved to PDS/REV@EXTR
2023-04-03 00:18:37.311179 - Found REV@EXTW.txt (text/plain) in CBT.V504.FILE442.PDS, moved to PDS/REV@EXTW
2023-04-03 00:18:37.312405 - Found REV@EXT2.txt (text/plain) in CBT.V504.FILE442.PDS, moved to PDS/REV@EXT2
2023-04-03 00:18:37.313458 - Found REV@INFO.txt (text/plain) in CBT.V504.FILE442.PDS, moved to PDS/REV@INFO
2023-04-03 00:18:37.314481 - Found REV@LST.txt (text/plain) in CBT.V504.FILE442.PDS, moved to PDS/REV@LST
2023-04-03 00:18:37.315668 - Found REV@MCHK.txt (text/plain) in CBT.V504.FILE442.PDS, moved to PDS/REV@MCHK
2023-04-03 00:18:37.316627 - Found REV@SHOW.txt (text/plain) in CBT.V504.FILE442.PDS, moved to PDS/REV@SHOW
2023-04-03 00:18:37.317576 - Found REV@WAIT.txt (text/plain) in CBT.V504.FILE442.PDS, moved to PDS/REV@WAIT
2023-04-03 00:18:37.318550 - Found REV@WRL.txt (text/plain) in CBT.V504.FILE442.PDS, moved to PDS/REV@WRL
2023-04-03 00:18:37.319735 - Found REVA00.txt (text/plain) in CBT.V504.FILE442.PDS, moved to PDS/REVA00
2023-04-03 00:18:37.320826 - Found REVA01.txt (text/plain) in CBT.V504.FILE442.PDS, moved to PDS/REVA01
2023-04-03 00:18:37.321790 - Found REVA99.txt (text/plain) in CBT.V504.FILE442.PDS, moved to PDS/REVA99
2023-04-03 00:18:37.322762 - Found REVT00.txt (text/plain) in CBT.V504.FILE442.PDS, moved to PDS/REVT00
2023-04-03 00:18:37.323855 - Found REV01.txt (text/plain) in CBT.V504.FILE442.PDS, moved to PDS/REV01
2023-04-03 00:18:37.324895 - Found REV02.txt (text/plain) in CBT.V504.FILE442.PDS, moved to PDS/REV02
2023-04-03 00:18:37.325874 - Found REV99.txt (text/plain) in CBT.V504.FILE442.PDS, moved to PDS/REV99
2023-04-03 00:18:37.326926 - Found RV#1SUB.jcl (text/plain) in CBT.V504.FILE442.PDS, moved to PDS/RV#1SUB
2023-04-03 00:18:37.327987 - Found RV1#ALCD.txt (text/plain) in CBT.V504.FILE442.PDS, moved to PDS/RV1#ALCD
2023-04-03 00:18:37.329017 - Found RV1#BTH.txt (text/plain) in CBT.V504.FILE442.PDS, moved to PDS/RV1#BTH
2023-04-03 00:18:37.329998 - Found RV1#CMDA.txt (text/plain) in CBT.V504.FILE442.PDS, moved to PDS/RV1#CMDA
2023-04-03 00:18:37.330977 - Found RV1#CNST.txt (text/plain) in CBT.V504.FILE442.PDS, moved to PDS/RV1#CNST
2023-04-03 00:18:37.332150 - Found RV1#COMM.txt (text/plain) in CBT.V504.FILE442.PDS, moved to PDS/RV1#COMM
2023-04-03 00:18:37.333178 - Found RV1#DALC.txt (text/plain) in CBT.V504.FILE442.PDS, moved to PDS/RV1#DALC
2023-04-03 00:18:37.334227 - Found RV1#DARD.txt (text/plain) in CBT.V504.FILE442.PDS, moved to PDS/RV1#DARD
2023-04-03 00:18:37.335284 - Found RV1#DSI.txt (text/plain) in CBT.V504.FILE442.PDS, moved to PDS/RV1#DSI
2023-04-03 00:18:37.336382 - Found RV1#DTE.txt (text/plain) in CBT.V504.FILE442.PDS, moved to PDS/RV1#DTE
2023-04-03 00:18:37.337737 - Found RV1#DTH.txt (text/plain) in CBT.V504.FILE442.PDS, moved to PDS/RV1#DTH
2023-04-03 00:18:37.339082 - Found RV1#ETOP.txt (text/plain) in CBT.V504.FILE442.PDS, moved to PDS/RV1#ETOP
2023-04-03 00:18:37.340185 - Found RV1#EXTR.txt (text/plain) in CBT.V504.FILE442.PDS, moved to PDS/RV1#EXTR
2023-04-03 00:18:37.341482 - Found RV1#FMTB.txt (text/plain) in CBT.V504.FILE442.PDS, moved to PDS/RV1#FMTB
2023-04-03 00:18:37.342783 - Found RV1#HDR.txt (text/plain) in CBT.V504.FILE442.PDS, moved to PDS/RV1#HDR
2023-04-03 00:18:37.343910 - Found RV1#ISPC.txt (text/plain) in CBT.V504.FILE442.PDS, moved to PDS/RV1#ISPC
2023-04-03 00:18:37.345182 - Found RV1#ISPV.txt (text/plain) in CBT.V504.FILE442.PDS, moved to PDS/RV1#ISPV
2023-04-03 00:18:37.346554 - Found RV1#MAIN.txt (text/plain) in CBT.V504.FILE442.PDS, moved to PDS/RV1#MAIN
2023-04-03 00:18:37.347716 - Found RV1#SHOW.txt (text/plain) in CBT.V504.FILE442.PDS, moved to PDS/RV1#SHOW
2023-04-03 00:18:37.348980 - Found RV1#TC.txt (text/plain) in CBT.V504.FILE442.PDS, moved to PDS/RV1#TC
2023-04-03 00:18:37.350252 - Found RV1#TRC.txt (text/plain) in CBT.V504.FILE442.PDS, moved to PDS/RV1#TRC
2023-04-03 00:18:37.351383 - Found RV1#TRCC.txt (text/plain) in CBT.V504.FILE442.PDS, moved to PDS/RV1#TRCC
2023-04-03 00:18:37.352584 - Found RV1#TRCG.txt (text/plain) in CBT.V504.FILE442.PDS, moved to PDS/RV1#TRCG
2023-04-03 00:18:37.353835 - Found RV1#TRCR.txt (text/plain) in CBT.V504.FILE442.PDS, moved to PDS/RV1#TRCR
